<?xml version="1.0" encoding="UTF-8"?>
<testng-results skipped="0" failed="0" ignored="0" total="0" passed="0">
  <reporter-output>
  </reporter-output>
  <suite name="com.automation_framework.utility.BaseTest" duration-ms="10" started-at="2021-05-20T07:05:42Z" finished-at="2021-05-20T07:05:42Z">
    <groups>
    </groups>
    <test name="Command line test" duration-ms="10" started-at="2021-05-20T07:05:42Z" finished-at="2021-05-20T07:05:42Z">
      <class name="com.automation_framework.utility.BaseTest">
        <test-method status="PASS" signature="setUp()[pri:0, instance:com.automation_framework.utility.BaseTest@783e6358]" name="setUp" is-config="true" duration-ms="633" started-at="2021-05-20T07:05:42Z" finished-at="2021-05-20T07:05:42Z">
          <reporter-output>
          </reporter-output>
        </test-method> <!-- setUp -->
        <test-method status="PASS" signature="tearDown()[pri:0, instance:com.automation_framework.utility.BaseTest@783e6358]" name="tearDown" is-config="true" duration-ms="5" started-at="2021-05-20T07:05:42Z" finished-at="2021-05-20T07:05:42Z">
          <reporter-output>
          </reporter-output>
        </test-method> <!-- tearDown -->
      </class> <!-- com.automation_framework.utility.BaseTest -->
    </test> <!-- Command line test -->
  </suite> <!-- com.automation_framework.utility.BaseTest -->
</testng-results>
